INFO:root:filename:	./content/post/elisp_buffer.rst	finish
INFO:root:filename:	./content/post/read_the_human_and_month_mistry.rst	finish
INFO:root:filename:	./content/post/css_float_and_clear.rst	finish
INFO:root:filename:	./content/post/vimscript_learn.rst	finish
INFO:root:filename:	./content/post/chrome_extension_debug.rst	finish
INFO:root:filename:	./content/post/linux_write_desktop_for_application.rst	finish
INFO:root:filename:	./content/post/expand_tools_to_your_team.rst	finish
INFO:root:filename:	./content/post/backup_your_linux.rst	finish
INFO:root:filename:	./content/post/vimscript_set_options.rst	finish
INFO:root:filename:	./content/post/about_tmux.rst	finish
INFO:root:filename:	./content/post/redis_sentinel.rst	finish
INFO:root:filename:	./content/post/android_develop_start.rst	finish
INFO:root:filename:	./content/post/about_react_tools.rst	finish
INFO:root:filename:	./content/post/wechat_develop_issues.rst	finish
INFO:root:filename:	./content/post/ruby_koans_built_type.rst	finish
INFO:root:filename:	./content/post/note_about_django_generic_view.rst	finish
INFO:root:filename:	./content/post/vimscript_autocmd.rst	finish
INFO:root:filename:	./content/post/k8s_minikube_tips.rst	finish
INFO:root:filename:	./content/post/big_things_about_software.rst	finish
INFO:root:filename:	./content/post/how_to_do_right_thing.rst	finish
INFO:root:filename:	./content/post/linux_iptable_config.rst	finish
INFO:root:filename:	./content/post/svn_or_git.rst	finish
INFO:root:filename:	./content/post/tools_usage_bigsec.rst	finish
INFO:root:filename:	./content/post/how_to_make_note.rst	finish
INFO:root:filename:	./content/post/git小记.rst	finish
INFO:root:filename:	./content/post/learn_python_socket.rst	finish
INFO:root:filename:	./content/post/config_supervisor.rst	finish
INFO:root:filename:	./content/post/vimscript_echo.rst	finish
INFO:root:filename:	./content/post/sql-mode.rst	finish
INFO:root:filename:	./content/post/chrome_extension_about_manifest.rst	finish
INFO:root:filename:	./content/post/redis_data_type_intro.rst	finish
INFO:root:filename:	./content/post/write_rst_table_in_vim_with_riv.rst	finish
INFO:root:filename:	./content/post/python_with_exit_value.rst	finish
INFO:root:filename:	./content/post/vimscript_keymap.rst	finish
INFO:root:filename:	./content/post/chrome_extension_develop_tips.rst	finish
INFO:root:filename:	./content/post/use_mitmproxy_for_scrapy.rst	finish
INFO:root:filename:	./content/post/vim_keyboard_bad_for_use.rst	finish
INFO:root:filename:	./content/post/linux_nc_usage.rst	finish
INFO:root:filename:	./content/post/redis_cluster_tutorial.rst	finish
INFO:root:filename:	./content/post/vimscript_commands.rst	finish
INFO:root:filename:	./content/post/musca_note.rst	finish
INFO:root:filename:	./content/post/pelican_tips.rst	finish
INFO:root:filename:	./content/post/numpy_unjustify_array_note.rst	finish
INFO:root:filename:	./content/post/GAE_datastore.rst	finish
INFO:root:filename:	./content/post/redis_replication.rst	finish
INFO:root:filename:	./content/post/linux_rsync_usage.rst	finish
INFO:root:filename:	./content/post/docker_get_started.rst	finish
INFO:root:filename:	./content/post/vim_use_nerdcomment_with_python.rst	finish
INFO:root:filename:	./content/post/redis_persistence.rst	finish
INFO:root:filename:	./content/post/ruby_enable_auto_completion.rst	finish
INFO:root:filename:	./content/post/ruby_install_from_source.rst	finish
INFO:root:filename:	./content/post/plan.rst	finish
INFO:root:filename:	./content/post/how_to_write_good_article.rst	finish
INFO:root:filename:	./content/post/elisp_intro.rst	finish
INFO:root:filename:	./content/post/die_warning_about_soft_development.rst	finish
INFO:root:filename:	./content/post/mongodb_install_on_linux.rst	finish
INFO:root:filename:	./content/post/ejabberd_server_wiki.rst	finish
INFO:root:filename:	./content/post/first_talk_maintains.rst	finish
INFO:root:filename:	./content/post/howto_read_source.rst	finish
INFO:root:filename:	./content/post/vim_plugin_synatics_config.rst	finish
INFO:root:filename:	./content/post/ruby_koans_class.rst	finish
INFO:root:filename:	./content/post/work_mode感想.rst	finish
INFO:root:filename:	./content/post/libs_to_mock_requests.rst	finish
INFO:root:filename:	./content/post/flask.rst	finish
INFO:root:filename:	./content/post/python_data_analyze_twitter.rst	finish
INFO:root:filename:	./content/post/difference_between_python2_vs_python3.rst	finish
INFO:root:filename:	./content/post/golang_gvm_or_go1.5_compile_error.rst	finish
INFO:root:filename:	./content/post/pydata-group-note.rst	finish
INFO:root:filename:	./content/post/ansible_note.rst	finish
INFO:root:filename:	./content/post/not_drop_history_while_reflection.rst	finish
INFO:root:filename:	./content/post/use_vim_for_nodejs.rst	finish
INFO:root:filename:	./content/post/stackoverfollow_get_out_ban.rst	finish
INFO:root:filename:	./content/post/处理程序金钱浮点数精度问题.rst	finish
INFO:root:filename:	./content/post/elisp_variable.rst	finish
INFO:root:filename:	./content/post/about_oauth2.rst	finish
INFO:root:filename:	./content/post/react_native_use_image.rst	finish
INFO:root:filename:	./content/post/redis_partition.rst	finish
INFO:root:filename:	./content/post/android_apk_install_and_sign.rst	finish
INFO:root:filename:	./content/post/life_beatiful_word.rst	finish
INFO:root:filename:	./content/post/final_answer_for_why_vim.rst	finish
INFO:root:filename:	./content/post/how_to_set_vim_options.rst	finish
INFO:root:filename:	./content/post/vimscript_variable.rst	finish
INFO:root:filename:	./content/post/GAE_wiki.rst	finish
INFO:root:filename:	./content/post/about_computer.rst	finish
INFO:root:filename:	./content/post/why_not_say_I_cannot.rst	finish
INFO:root:filename:	./content/post/ipython_usage_tips.rst	finish
INFO:root:filename:	./content/post/from_low_to_high_in_django_project.rst	finish
INFO:root:filename:	./content/post/vim_use_virtualenv_plugin.rst	finish
INFO:root:filename:	./content/post/how_to_get_obj_or_404.rst	finish
INFO:root:filename:	./content/post/use_pdb_with_pytest.rst	finish
INFO:root:filename:	./content/post/redis_admin_hint.rst	finish
INFO:root:filename:	./content/post/mnesia_user_guide.rst	finish
INFO:root:filename:	./content/post/vim_config_syntastic.rst	finish
INFO:root:filename:	./content/post/contact.rst	finish
INFO:root:filename:	./content/post/react_started.rst	finish
INFO:root:filename:	./content/post/elisp_keymap.rst	finish
INFO:root:filename:	./content/post/about_team_working.rst	finish
INFO:root:filename:	./content/post/centos_usage_common_issues.rst	finish
INFO:root:filename:	./content/post/python_rabbitmq_and_rika.rst	finish
INFO:root:filename:	./content/post/mongodb_about_geo_search.rst	finish
INFO:root:filename:	./content/post/use_itertools_group_mongodb.rst	finish
INFO:root:filename:	./content/post/golang_get_start.rst	finish
INFO:root:filename:	./content/post/mongoengine_questions.rst	finish
INFO:root:filename:	./content/post/nodejs_get_started.rst	finish
INFO:root:filename:	./content/post/html+rest.rst	finish
INFO:root:filename:	./content/post/ruby_koans_flow_control.rst	finish
INFO:root:filename:	./content/post/django.rst	finish
INFO:root:filename:	./content/post/why_mongodb_ob_1NF.rst	finish
INFO:root:filename:	./content/post/android_get_start_with_vim.rst	finish
INFO:root:filename:	./content/post/docker_note.rst	finish
INFO:root:filename:	./content/post/app_develop_something_about_version.rst	finish
INFO:root:filename:	./content/post/mongodb_indexes_pretty.rst	finish
INFO:root:filename:	./content/post/django_debug_note.rst	finish
INFO:root:filename:	./content/post/use_supervisord_for_linux_auto_start_process.rst	finish
